
START - automation started - Mon Jul 13 2020 11:50:20 GMT-0700 (PDT)

LIVE MODE - type done to quit
 [RPA][STARTED]
[RPA][0] - listening for inputs
[RPA][1] - timeout 1
[RPA][1] - listening for inputs
[RPA][2] - http://tallerlinea.infonavit.org.mx/wps/Taller/
[RPA][2] - listening for inputs
[RPA][3] - exist_result = exist('/html/body/div[2]/table/tbody/tr[2]/td/table/tbody/tr/td/table/tbody/tr[2]/td/table/tbody/tr/td/table/tbody/tr[1]/td[2]/input').toString()
[RPA][3] - listening for inputs
[RPA][4] - dump exist_result to rpa_python.txt
[RPA][4] - listening for inputs
[RPA][5] - type /html/body/div[2]/table/tbody/tr[2]/td/table/tbody/tr/td/table/tbody/tr[2]/td/table/tbody/tr/td/table/tbody/tr[1]/td[2]/input as 12169464273
[RPA][5] - listening for inputs
[RPA][6] - exist_result = exist('/html/body/div[2]/table/tbody/tr[2]/td/table/tbody/tr/td/table/tbody/tr[3]/td/table/tbody/tr/td[2]/table/tbody/tr/td/table/tbody/tr[1]/td[1]/select').toString()
[RPA][6] - listening for inputs
[RPA][7] - dump exist_result to rpa_python.txt
[RPA][7] - listening for inputs
[RPA][8] - select /html/body/div[2]/table/tbody/tr[2]/td/table/tbody/tr/td/table/tbody/tr[3]/td/table/tbody/tr/td[2]/table/tbody/tr/td/table/tbody/tr[1]/td[1]/select as 23
[RPA][8] - listening for inputs
[RPA][9] - exist_result = exist('/html/body/div[2]/table/tbody/tr[2]/td/table/tbody/tr/td/table/tbody/tr[3]/td/table/tbody/tr/td[2]/table/tbody/tr/td/table/tbody/tr[1]/td[2]/select').toString()
[RPA][9] - listening for inputs
[RPA][10] - dump exist_result to rpa_python.txt
[RPA][10] - listening for inputs
[RPA][11] - select /html/body/div[2]/table/tbody/tr[2]/td/table/tbody/tr/td/table/tbody/tr[3]/td/table/tbody/tr/td[2]/table/tbody/tr/td/table/tbody/tr[1]/td[2]/select as 03
[RPA][11] - listening for inputs
[RPA][12] - exist_result = exist('/html/body/div[2]/table/tbody/tr[2]/td/table/tbody/tr/td/table/tbody/tr[3]/td/table/tbody/tr/td[2]/table/tbody/tr/td/table/tbody/tr[1]/td[3]/select').toString()
[RPA][12] - listening for inputs
[RPA][13] - dump exist_result to rpa_python.txt
[RPA][13] - listening for inputs
[RPA][14] - select /html/body/div[2]/table/tbody/tr[2]/td/table/tbody/tr/td/table/tbody/tr[3]/td/table/tbody/tr/td[2]/table/tbody/tr/td/table/tbody/tr[1]/td[3]/select as 1994
[RPA][14] - listening for inputs
[RPA][15] - exist_result = exist('/html/body/div[2]/table/tbody/tr[2]/td/table/tbody/tr/td/table/tbody/tr[4]/td/table/tbody/tr/td[1]/button').toString()
[RPA][15] - listening for inputs
[RPA][16] - dump exist_result to rpa_python.txt
[RPA][16] - listening for inputs
[RPA][17] - click /html/body/div[2]/table/tbody/tr[2]/td/table/tbody/tr/td/table/tbody/tr[4]/td/table/tbody/tr/td[1]/button
[RPA][17] - listening for inputs
[RPA][18] - exist_result = exist('/html/body/div[2]/table/tbody/tr[2]/td/table/tbody/tr/td/div/table/tbody/tr[6]/td/table/tbody/tr/td/button').toString()
[RPA][18] - listening for inputs
[RPA][19] - dump exist_result to rpa_python.txt
[RPA][19] - listening for inputs
[RPA][20] - click /html/body/div[2]/table/tbody/tr[2]/td/table/tbody/tr/td/div/table/tbody/tr[6]/td/table/tbody/tr/td/button
[RPA][20] - listening for inputs
[RPA][21] - exist_result = exist('/html/body/div[2]/table/tbody/tr[2]/td/table/tbody/tr[3]/td/button').toString()
[RPA][21] - listening for inputs
[RPA][22] - dump exist_result to rpa_python.txt
[RPA][22] - listening for inputs
[RPA][23] - js if (chrome_targetid !== "") {found_targetid = chrome_targetid; chrome_targetid = ""; chrome_step("Target.detachFromTarget", {sessionId: found_targetid});}
[RPA][23] - listening for inputs
[RPA][24] - js found_targetid = ""; chrome_targets = []; ws_message = chrome_step("Target.getTargets", {});
[RPA][24] - listening for inputs
[RPA][25] - js try {ws_json = JSON.parse(ws_message); if (ws_json.result.targetInfos) chrome_targets = ws_json.result.targetInfos; else chrome_targets = [];} catch (e) {chrome_targets = [];}
[RPA][25] - listening for inputs
[RPA][26] - js chrome_targets.forEach(function(target) {if (target.url.indexOf("http://tallerlinea.infonavit.org.mx/wps/TallerWeb/home/menu.do") !== -1) found_targetid = target.targetId;})
[RPA][26] - listening for inputs
[RPA][27] - js if (found_targetid !== "") {ws_message = chrome_step("Target.attachToTarget", {targetId: found_targetid}); try {ws_json = JSON.parse(ws_message); if (ws_json.result.sessionId !== "") found_targetid = ws_json.result.sessionId; else found_targetid = "";} catch (e) {found_targetid = "";}}
[RPA][27] - listening for inputs
[RPA][28] - js chrome_targetid = found_targetid
[RPA][28] - listening for inputs
[RPA][29] - dump chrome_targetid to rpa_python.txt
[RPA][29] - listening for inputs
[RPA][30] - exist_result = exist('/html/body/div[1]/div/div[4]/a/img').toString()
[RPA][30] - listening for inputs
[RPA][31] - dump exist_result to rpa_python.txt
[RPA][31] - listening for inputs
[RPA][32] - exist_result = exist('//*[@id="cierto"]').toString()
[RPA][32] - listening for inputs
[RPA][33] - dump exist_result to rpa_python.txt
[RPA][33] - listening for inputs
[RPA][34] - exist_result = exist('//*[@id="cierto"]').toString()
[RPA][34] - listening for inputs
[RPA][35] - dump exist_result to rpa_python.txt
[RPA][35] - listening for inputs
[RPA][36] - exist_result = exist('//*[@id="cierto"]').toString()
[RPA][36] - listening for inputs
[RPA][37] - dump exist_result to rpa_python.txt
[RPA][37] - listening for inputs
[RPA][38] - exist_result = exist('//*[@id="cierto"]').toString()
[RPA][38] - listening for inputs
[RPA][39] - dump exist_result to rpa_python.txt
[RPA][39] - listening for inputs
[RPA][40] - exist_result = exist('//*[@id="cierto"]').toString()
[RPA][40] - listening for inputs
[RPA][41] - dump exist_result to rpa_python.txt
[RPA][41] - listening for inputs
[RPA][42] - exist_result = exist('//*[@id="cierto"]').toString()
[RPA][42] - listening for inputs
[RPA][43] - dump exist_result to rpa_python.txt
[RPA][43] - listening for inputs
[RPA][44] - exist_result = exist('//*[@id="cierto"]').toString()
[RPA][44] - listening for inputs
[RPA][45] - dump exist_result to rpa_python.txt
[RPA][45] - listening for inputs
[RPA][46] - exist_result = exist('//*[@id="cierto"]').toString()
[RPA][46] - listening for inputs
[RPA][47] - dump exist_result to rpa_python.txt
[RPA][47] - listening for inputs
[RPA][48] - exist_result = exist('//*[@id="cierto"]').toString()
